<?xml version="1.0" encoding="UTF-8"?>
<testng-results skipped="0" failed="0" ignored="0" total="1" passed="1">
  <reporter-output>
    <line>
      <![CDATA[Extent Report Directory/Users/kawsar/IdeaProjects/TeamProject7/Amazon/target/surefire-reports/html]]>
    </line>
  </reporter-output>
  <suite name="Selenium Test Suite" duration-ms="9075" started-at="2019-05-24T18:22:00Z" finished-at="2019-05-24T18:22:09Z">
    <groups>
    </groups>
    <test name="Amazon test" duration-ms="9075" started-at="2019-05-24T18:22:00Z" finished-at="2019-05-24T18:22:09Z">
      <class name="regressionSuite.TestHomepage">
        <test-method status="PASS" signature="extentSetup(org.testng.ITestContext)[pri:0, instance:regressionSuite.TestHomepage@59e84876]" name="extentSetup" is-config="true" duration-ms="159" started-at="2019-05-24T18:22:00Z" finished-at="2019-05-24T18:22:00Z">
          <params>
            <param index="0">
              <value>
                <![CDATA[org.testng.TestRunner@265adfad]]>
              </value>
            </param>
          </params>
          <reporter-output>
            <line>
              <![CDATA[Extent Report Directory/Users/kawsar/IdeaProjects/TeamProject7/Amazon/target/surefire-reports/html]]>
            </line>
          </reporter-output>
        </test-method> <!-- extentSetup -->
        <test-method status="PASS" signature="setupDriver(java.lang.String, java.lang.String, java.lang.String, boolean, java.lang.String, java.lang.String)[pri:0, instance:regressionSuite.TestHomepage@59e84876]" name="setupDriver" is-config="true" duration-ms="4607" started-at="2019-05-24T18:22:00Z" finished-at="2019-05-24T18:22:05Z">
          <params>
            <param index="0">
              <value>
                <![CDATA[mac]]>
              </value>
            </param>
            <param index="1">
              <value>
                <![CDATA[http://www.amazon.com]]>
              </value>
            </param>
            <param index="2">
              <value>
                <![CDATA[chrome]]>
              </value>
            </param>
            <param index="3">
              <value>
                <![CDATA[false]]>
              </value>
            </param>
            <param index="4">
              <value>
                <![CDATA[74.0]]>
              </value>
            </param>
            <param index="5">
              <value>
                <![CDATA[browserstack]]>
              </value>
            </param>
          </params>
          <reporter-output>
          </reporter-output>
        </test-method> <!-- setupDriver -->
        <test-method status="PASS" signature="startExtent(java.lang.reflect.Method)[pri:0, instance:regressionSuite.TestHomepage@59e84876]" name="startExtent" is-config="true" duration-ms="9" started-at="2019-05-24T18:22:05Z" finished-at="2019-05-24T18:22:05Z">
          <params>
            <param index="0">
              <value>
                <![CDATA[public void regressionSuite.TestHomepage.clickLanguagePage()]]>
              </value>
            </param>
          </params>
          <reporter-output>
          </reporter-output>
        </test-method> <!-- startExtent -->
        <test-method status="PASS" signature="init()[pri:0, instance:regressionSuite.TestHomepage@59e84876]" name="init" is-config="true" duration-ms="41" started-at="2019-05-24T18:22:05Z" finished-at="2019-05-24T18:22:05Z">
          <reporter-output>
          </reporter-output>
        </test-method> <!-- init -->
        <test-method status="PASS" signature="clickLanguagePage()[pri:0, instance:regressionSuite.TestHomepage@59e84876]" name="clickLanguagePage" duration-ms="3916" started-at="2019-05-24T18:22:05Z" finished-at="2019-05-24T18:22:09Z">
          <reporter-output>
          </reporter-output>
        </test-method> <!-- clickLanguagePage -->
        <test-method status="PASS" signature="afterEachTestMethod(org.testng.ITestResult)[pri:0, instance:regressionSuite.TestHomepage@59e84876]" name="afterEachTestMethod" is-config="true" duration-ms="327" started-at="2019-05-24T18:22:09Z" finished-at="2019-05-24T18:22:09Z">
          <params>
            <param index="0">
              <value>
                <![CDATA[[TestResult name=clickLanguagePage status=SUCCESS method=TestHomepage.clickLanguagePage()[pri:0, instance:regressionSuite.TestHomepage@59e84876] output={null}]]]>
              </value>
            </param>
          </params>
          <reporter-output>
          </reporter-output>
        </test-method> <!-- afterEachTestMethod -->
        <test-method status="PASS" signature="quitDriver()[pri:0, instance:regressionSuite.TestHomepage@59e84876]" name="quitDriver" is-config="true" duration-ms="151" started-at="2019-05-24T18:22:09Z" finished-at="2019-05-24T18:22:09Z">
          <reporter-output>
          </reporter-output>
        </test-method> <!-- quitDriver -->
        <test-method status="PASS" signature="generateReport()[pri:0, instance:regressionSuite.TestHomepage@59e84876]" name="generateReport" is-config="true" duration-ms="41" started-at="2019-05-24T18:22:09Z" finished-at="2019-05-24T18:22:09Z">
          <reporter-output>
          </reporter-output>
        </test-method> <!-- generateReport -->
      </class> <!-- regressionSuite.TestHomepage -->
    </test> <!-- Amazon test -->
  </suite> <!-- Selenium Test Suite -->
</testng-results>
